<?xml version="1.0" encoding="UTF-8"?>
<testsuite name="RectangleTest" tests="1" skipped="0" failures="0" errors="0" timestamp="2022-04-23T09:09:27" hostname="moringa-Lenovo-ideapad-330-15IKB" time="0.002">
  <properties/>
  <testcase name="isSquare_allSidesEqual_true" classname="RectangleTest" time="0.002"/>
  <system-out><![CDATA[]]></system-out>
  <system-err><![CDATA[]]></system-err>
</testsuite>
